<?xml version="1.0" encoding="UTF-8"?>
<!-- Generated by org.testng.reporters.JUnitReportReporter -->
<testsuite hostname="mouleeswar" failures="0" tests="1" name="fx.testCases.LoginTC" time="31.422" errors="0" timestamp="2024-12-13T23:14:25 IST" skipped="0">
  <testcase classname="fx.testCases.LoginTC" name="loginFx" time="31.422"/>
</testsuite> <!-- fx.testCases.LoginTC -->
