<?xml version="1.0" encoding="UTF-8"?>
<!-- Generated by org.testng.reporters.JUnitReportReporter -->
<testsuite hostname="mouleeswar" failures="0" tests="1" name="fx.testCases.LoginTC" time="48.868" errors="0" timestamp="2024-10-26T13:49:51 IST" skipped="0">
  <testcase classname="fx.testCases.LoginTC" name="loginFx" time="48.868"/>
</testsuite> <!-- fx.testCases.LoginTC -->
