<?xml version="1.0" encoding="UTF-8"?>
<!-- Generated by org.testng.reporters.JUnitReportReporter -->
<testsuite hostname="mouleeswar" failures="0" tests="1" name="fx.testCases.LoginTC" time="46.675" errors="0" timestamp="2024-09-05T23:02:10 IST" skipped="0">
  <testcase classname="fx.testCases.LoginTC" name="loginFx" time="46.675"/>
</testsuite> <!-- fx.testCases.LoginTC -->
