<?xml version="1.0" encoding="UTF-8"?>
<!-- Generated by org.testng.reporters.JUnitReportReporter -->
<testsuite hostname="mouleeswar" failures="0" tests="1" name="fx.testCases.LoginTC" time="42.009" errors="0" timestamp="2024-11-01T15:00:09 IST" skipped="0">
  <testcase classname="fx.testCases.LoginTC" name="loginFx" time="42.009"/>
</testsuite> <!-- fx.testCases.LoginTC -->
