<?xml version="1.0" encoding="UTF-8"?>
<!-- Generated by org.testng.reporters.JUnitReportReporter -->
<testsuite hostname="mouleeswar" failures="0" tests="1" name="fx.testCases.LoginTC" time="39.866" errors="0" timestamp="2024-09-01T20:40:43 IST" skipped="0">
  <testcase classname="fx.testCases.LoginTC" name="loginFx" time="39.866"/>
</testsuite> <!-- fx.testCases.LoginTC -->
