<?xml version="1.0" encoding="UTF-8"?>
<!-- Generated by org.testng.reporters.JUnitReportReporter -->
<testsuite hostname="mouleeswar" failures="0" tests="1" name="fx.testCases.LoginTC" time="29.910" errors="0" timestamp="2024-12-17T23:16:28 IST" skipped="0">
  <testcase classname="fx.testCases.LoginTC" name="loginFx" time="29.910"/>
</testsuite> <!-- fx.testCases.LoginTC -->
