<?xml version="1.0" encoding="UTF-8"?>
<!-- Generated by org.testng.reporters.JUnitReportReporter -->
<testsuite hostname="mouleeswar" failures="0" tests="1" name="fx.testCases.LoginTC" time="26.753" errors="0" timestamp="2024-11-30T19:40:37 IST" skipped="0">
  <testcase classname="fx.testCases.LoginTC" name="loginFx" time="26.753"/>
</testsuite> <!-- fx.testCases.LoginTC -->
