<?xml version="1.0" encoding="UTF-8"?>
<!-- Generated by org.testng.reporters.JUnitReportReporter -->
<testsuite hostname="mouleeswar" failures="0" tests="1" name="fx.testCases.LoginTC" time="57.341" errors="0" timestamp="2024-09-07T23:52:29 IST" skipped="0">
  <testcase classname="fx.testCases.LoginTC" name="loginFx" time="57.341"/>
</testsuite> <!-- fx.testCases.LoginTC -->
