<?xml version="1.0" encoding="UTF-8"?>
<!-- Generated by org.testng.reporters.JUnitReportReporter -->
<testsuite hostname="mouleeswar" failures="0" tests="1" name="fx.testCases.LoginTC" time="45.074" errors="0" timestamp="2024-12-16T23:01:27 IST" skipped="0">
  <testcase classname="fx.testCases.LoginTC" name="loginFx" time="45.074"/>
</testsuite> <!-- fx.testCases.LoginTC -->
