<?xml version="1.0" encoding="UTF-8"?>
<!-- Generated by org.testng.reporters.JUnitReportReporter -->
<testsuite hostname="mouleeswar" failures="0" tests="1" name="fx.testCases.LoginTC" time="41.136" errors="0" timestamp="2024-11-03T00:38:16 IST" skipped="0">
  <testcase classname="fx.testCases.LoginTC" name="loginFx" time="41.136"/>
</testsuite> <!-- fx.testCases.LoginTC -->
