<?xml version="1.0" encoding="UTF-8"?>
<!-- Generated by org.testng.reporters.JUnitReportReporter -->
<testsuite hostname="mouleeswar" failures="0" tests="1" name="fx.testCases.SaveSalesInv_TC" time="3.537" errors="0" timestamp="2025-01-07T00:16:01 IST" skipped="0">
  <testcase classname="fx.testCases.SaveSalesInv_TC" name="invoiceSave" time="3.537"/>
</testsuite> <!-- fx.testCases.SaveSalesInv_TC -->
