<?xml version="1.0" encoding="UTF-8"?>
<!-- Generated by org.testng.reporters.JUnitReportReporter -->
<testsuite hostname="mouleeswar" failures="0" tests="1" name="fx.testCases.LoginTC" time="27.556" errors="0" timestamp="2024-12-13T00:46:19 IST" skipped="0">
  <testcase classname="fx.testCases.LoginTC" name="loginFx" time="27.556"/>
</testsuite> <!-- fx.testCases.LoginTC -->
