<?xml version="1.0" encoding="UTF-8"?>
<!-- Generated by org.testng.reporters.JUnitReportReporter -->
<testsuite hostname="mouleeswar" failures="0" tests="1" name="fx.testCases.LoginTC" time="41.834" errors="0" timestamp="2024-11-04T23:15:10 IST" skipped="0">
  <testcase classname="fx.testCases.LoginTC" name="loginFx" time="41.834"/>
</testsuite> <!-- fx.testCases.LoginTC -->
