<?xml version="1.0" encoding="UTF-8"?>
<!-- Generated by org.testng.reporters.JUnitReportReporter -->
<testsuite hostname="mouleeswar" failures="0" tests="1" name="fx.testCases.SaveSalesInv_TC" time="6.332" errors="0" timestamp="2025-03-16T17:37:52 IST" skipped="0">
  <testcase classname="fx.testCases.SaveSalesInv_TC" name="invoiceSave" time="6.332"/>
</testsuite> <!-- fx.testCases.SaveSalesInv_TC -->
